<?xml version="1.0" encoding="UTF-8"?>
<testsuite name="br.com.codenation.service.OrderServiceTest" tests="4" skipped="0" failures="0" errors="0" timestamp="2020-05-15T22:08:29" hostname="andre-VirtualBox" time="0.022">
  <properties/>
  <testcase name="testCalculateMultipleOrders" classname="br.com.codenation.service.OrderServiceTest" time="0.011"/>
  <testcase name="testGroupProducts" classname="br.com.codenation.service.OrderServiceTest" time="0.007"/>
  <testcase name="testFindProductsById" classname="br.com.codenation.service.OrderServiceTest" time="0.004"/>
  <testcase name="testCalculateOrderValue" classname="br.com.codenation.service.OrderServiceTest" time="0.0"/>
  <system-out><![CDATA[]]></system-out>
  <system-err><![CDATA[]]></system-err>
</testsuite>
